2020-05-12 15:46:24,109 INFO 83802 [Timer] /Users/shunwuyu/lesson/lesson_shuidi/interview/swagger/swagger-egg/node_modules/egg-multipart/app/schedule/clean_tmpdir.js next time will execute after 45815911ms at 2020-05-13 04:30:00.020
2020-05-12 15:46:24,110 INFO 83802 [Timer] /Users/shunwuyu/lesson/lesson_shuidi/interview/swagger/swagger-egg/node_modules/egg-logrotator/app/schedule/clean_log.js next time will execute after 29615890ms at 2020-05-13 00:00:00.000
2020-05-12 15:46:24,111 INFO 83802 [Timer] /Users/shunwuyu/lesson/lesson_shuidi/interview/swagger/swagger-egg/node_modules/egg-logrotator/app/schedule/rotate_by_file.js next time will execute after 29616890ms at 2020-05-13 00:00:01.001
2020-05-12 15:46:23,722 INFO 83803 [egg-schedule]: register schedule /Users/shunwuyu/lesson/lesson_shuidi/interview/swagger/swagger-egg/node_modules/egg-multipart/app/schedule/clean_tmpdir.js
2020-05-12 15:46:23,722 INFO 83803 [egg-schedule]: register schedule /Users/shunwuyu/lesson/lesson_shuidi/interview/swagger/swagger-egg/node_modules/egg-logrotator/app/schedule/clean_log.js
2020-05-12 15:46:23,722 INFO 83803 [egg-schedule]: register schedule /Users/shunwuyu/lesson/lesson_shuidi/interview/swagger/swagger-egg/node_modules/egg-logrotator/app/schedule/rotate_by_file.js
2020-05-12 15:50:50,166 INFO 83890 [Timer] /Users/shunwuyu/lesson/lesson_shuidi/interview/swagger/swagger-egg/node_modules/egg-multipart/app/schedule/clean_tmpdir.js next time will execute after 45549843ms at 2020-05-13 04:30:00.009
2020-05-12 15:50:50,169 INFO 83890 [Timer] /Users/shunwuyu/lesson/lesson_shuidi/interview/swagger/swagger-egg/node_modules/egg-logrotator/app/schedule/clean_log.js next time will execute after 29349833ms at 2020-05-13 00:00:00.002
2020-05-12 15:50:50,170 INFO 83890 [Timer] /Users/shunwuyu/lesson/lesson_shuidi/interview/swagger/swagger-egg/node_modules/egg-logrotator/app/schedule/rotate_by_file.js next time will execute after 29350830ms at 2020-05-13 00:00:01.000
2020-05-12 15:50:49,893 INFO 83891 [egg-schedule]: register schedule /Users/shunwuyu/lesson/lesson_shuidi/interview/swagger/swagger-egg/node_modules/egg-multipart/app/schedule/clean_tmpdir.js
2020-05-12 15:50:49,893 INFO 83891 [egg-schedule]: register schedule /Users/shunwuyu/lesson/lesson_shuidi/interview/swagger/swagger-egg/node_modules/egg-logrotator/app/schedule/clean_log.js
2020-05-12 15:50:49,893 INFO 83891 [egg-schedule]: register schedule /Users/shunwuyu/lesson/lesson_shuidi/interview/swagger/swagger-egg/node_modules/egg-logrotator/app/schedule/rotate_by_file.js
2020-05-12 15:51:56,284 INFO 83942 [egg-schedule]: register schedule /Users/shunwuyu/lesson/lesson_shuidi/interview/swagger/swagger-egg/node_modules/egg-multipart/app/schedule/clean_tmpdir.js
2020-05-12 15:51:56,284 INFO 83942 [egg-schedule]: register schedule /Users/shunwuyu/lesson/lesson_shuidi/interview/swagger/swagger-egg/node_modules/egg-logrotator/app/schedule/clean_log.js
2020-05-12 15:51:56,285 INFO 83942 [egg-schedule]: register schedule /Users/shunwuyu/lesson/lesson_shuidi/interview/swagger/swagger-egg/node_modules/egg-logrotator/app/schedule/rotate_by_file.js
2020-05-12 15:51:57,020 INFO 83941 [Timer] /Users/shunwuyu/lesson/lesson_shuidi/interview/swagger/swagger-egg/node_modules/egg-multipart/app/schedule/clean_tmpdir.js next time will execute after 45482992ms at 2020-05-13 04:30:00.012
2020-05-12 15:51:57,021 INFO 83941 [Timer] /Users/shunwuyu/lesson/lesson_shuidi/interview/swagger/swagger-egg/node_modules/egg-logrotator/app/schedule/clean_log.js next time will execute after 29282979ms at 2020-05-13 00:00:00.000
2020-05-12 15:51:57,022 INFO 83941 [Timer] /Users/shunwuyu/lesson/lesson_shuidi/interview/swagger/swagger-egg/node_modules/egg-logrotator/app/schedule/rotate_by_file.js next time will execute after 29283979ms at 2020-05-13 00:00:01.001
2020-05-12 16:04:55,906 INFO 84276 [egg-schedule]: register schedule /Users/shunwuyu/lesson/lesson_shuidi/interview/swagger/swagger-egg/node_modules/egg-multipart/app/schedule/clean_tmpdir.js
2020-05-12 16:04:55,907 INFO 84276 [egg-schedule]: register schedule /Users/shunwuyu/lesson/lesson_shuidi/interview/swagger/swagger-egg/node_modules/egg-logrotator/app/schedule/clean_log.js
2020-05-12 16:04:55,907 INFO 84276 [egg-schedule]: register schedule /Users/shunwuyu/lesson/lesson_shuidi/interview/swagger/swagger-egg/node_modules/egg-logrotator/app/schedule/rotate_by_file.js
2020-05-12 16:04:56,174 INFO 84272 [Timer] /Users/shunwuyu/lesson/lesson_shuidi/interview/swagger/swagger-egg/node_modules/egg-multipart/app/schedule/clean_tmpdir.js next time will execute after 44703832ms at 2020-05-13 04:30:00.006
2020-05-12 16:04:56,174 INFO 84272 [Timer] /Users/shunwuyu/lesson/lesson_shuidi/interview/swagger/swagger-egg/node_modules/egg-logrotator/app/schedule/clean_log.js next time will execute after 28503826ms at 2020-05-13 00:00:00.000
2020-05-12 16:04:56,175 INFO 84272 [Timer] /Users/shunwuyu/lesson/lesson_shuidi/interview/swagger/swagger-egg/node_modules/egg-logrotator/app/schedule/rotate_by_file.js next time will execute after 28504826ms at 2020-05-13 00:00:01.001
2020-05-12 16:29:05,675 INFO 84675 [egg-schedule]: register schedule /Users/shunwuyu/lesson/lesson_shuidi/interview/swagger/swagger-egg/node_modules/egg-multipart/app/schedule/clean_tmpdir.js
2020-05-12 16:29:05,676 INFO 84675 [egg-schedule]: register schedule /Users/shunwuyu/lesson/lesson_shuidi/interview/swagger/swagger-egg/node_modules/egg-logrotator/app/schedule/clean_log.js
2020-05-12 16:29:05,676 INFO 84675 [egg-schedule]: register schedule /Users/shunwuyu/lesson/lesson_shuidi/interview/swagger/swagger-egg/node_modules/egg-logrotator/app/schedule/rotate_by_file.js
2020-05-12 16:29:05,943 INFO 84674 [Timer] /Users/shunwuyu/lesson/lesson_shuidi/interview/swagger/swagger-egg/node_modules/egg-multipart/app/schedule/clean_tmpdir.js next time will execute after 43254064ms at 2020-05-13 04:30:00.007
2020-05-12 16:29:05,943 INFO 84674 [Timer] /Users/shunwuyu/lesson/lesson_shuidi/interview/swagger/swagger-egg/node_modules/egg-logrotator/app/schedule/clean_log.js next time will execute after 27054057ms at 2020-05-13 00:00:00.000
2020-05-12 16:29:05,944 INFO 84674 [Timer] /Users/shunwuyu/lesson/lesson_shuidi/interview/swagger/swagger-egg/node_modules/egg-logrotator/app/schedule/rotate_by_file.js next time will execute after 27055057ms at 2020-05-13 00:00:01.001
2020-05-12 16:32:23,168 INFO 84754 [egg-schedule]: register schedule /Users/shunwuyu/lesson/lesson_shuidi/interview/swagger/swagger-egg/node_modules/egg-multipart/app/schedule/clean_tmpdir.js
2020-05-12 16:32:23,168 INFO 84754 [egg-schedule]: register schedule /Users/shunwuyu/lesson/lesson_shuidi/interview/swagger/swagger-egg/node_modules/egg-logrotator/app/schedule/clean_log.js
2020-05-12 16:32:23,168 INFO 84754 [egg-schedule]: register schedule /Users/shunwuyu/lesson/lesson_shuidi/interview/swagger/swagger-egg/node_modules/egg-logrotator/app/schedule/rotate_by_file.js
2020-05-12 16:33:56,651 INFO 84772 [egg-schedule]: register schedule /Users/shunwuyu/lesson/lesson_shuidi/interview/swagger/swagger-egg/node_modules/egg-multipart/app/schedule/clean_tmpdir.js
2020-05-12 16:33:56,651 INFO 84772 [egg-schedule]: register schedule /Users/shunwuyu/lesson/lesson_shuidi/interview/swagger/swagger-egg/node_modules/egg-logrotator/app/schedule/clean_log.js
2020-05-12 16:33:56,651 INFO 84772 [egg-schedule]: register schedule /Users/shunwuyu/lesson/lesson_shuidi/interview/swagger/swagger-egg/node_modules/egg-logrotator/app/schedule/rotate_by_file.js
2020-05-12 16:34:16,928 INFO 84789 [egg-schedule]: register schedule /Users/shunwuyu/lesson/lesson_shuidi/interview/swagger/swagger-egg/node_modules/egg-multipart/app/schedule/clean_tmpdir.js
2020-05-12 16:34:16,928 INFO 84789 [egg-schedule]: register schedule /Users/shunwuyu/lesson/lesson_shuidi/interview/swagger/swagger-egg/node_modules/egg-logrotator/app/schedule/clean_log.js
2020-05-12 16:34:16,928 INFO 84789 [egg-schedule]: register schedule /Users/shunwuyu/lesson/lesson_shuidi/interview/swagger/swagger-egg/node_modules/egg-logrotator/app/schedule/rotate_by_file.js
2020-05-12 16:36:39,341 INFO 84829 [egg-schedule]: register schedule /Users/shunwuyu/lesson/lesson_shuidi/interview/swagger/swagger-egg/node_modules/egg-multipart/app/schedule/clean_tmpdir.js
2020-05-12 16:36:39,342 INFO 84829 [egg-schedule]: register schedule /Users/shunwuyu/lesson/lesson_shuidi/interview/swagger/swagger-egg/node_modules/egg-logrotator/app/schedule/clean_log.js
2020-05-12 16:36:39,343 INFO 84829 [egg-schedule]: register schedule /Users/shunwuyu/lesson/lesson_shuidi/interview/swagger/swagger-egg/node_modules/egg-logrotator/app/schedule/rotate_by_file.js
2020-05-12 16:36:49,192 INFO 84846 [egg-schedule]: register schedule /Users/shunwuyu/lesson/lesson_shuidi/interview/swagger/swagger-egg/node_modules/egg-multipart/app/schedule/clean_tmpdir.js
2020-05-12 16:36:49,192 INFO 84846 [egg-schedule]: register schedule /Users/shunwuyu/lesson/lesson_shuidi/interview/swagger/swagger-egg/node_modules/egg-logrotator/app/schedule/clean_log.js
2020-05-12 16:36:49,192 INFO 84846 [egg-schedule]: register schedule /Users/shunwuyu/lesson/lesson_shuidi/interview/swagger/swagger-egg/node_modules/egg-logrotator/app/schedule/rotate_by_file.js
2020-05-12 16:44:27,250 INFO 84900 [egg-schedule]: register schedule /Users/shunwuyu/lesson/lesson_shuidi/interview/swagger/swagger-egg/node_modules/egg-multipart/app/schedule/clean_tmpdir.js
2020-05-12 16:44:27,250 INFO 84900 [egg-schedule]: register schedule /Users/shunwuyu/lesson/lesson_shuidi/interview/swagger/swagger-egg/node_modules/egg-logrotator/app/schedule/clean_log.js
2020-05-12 16:44:27,250 INFO 84900 [egg-schedule]: register schedule /Users/shunwuyu/lesson/lesson_shuidi/interview/swagger/swagger-egg/node_modules/egg-logrotator/app/schedule/rotate_by_file.js
2020-05-12 16:46:00,360 INFO 84927 [egg-schedule]: register schedule /Users/shunwuyu/lesson/lesson_shuidi/interview/swagger/swagger-egg/node_modules/egg-multipart/app/schedule/clean_tmpdir.js
2020-05-12 16:46:00,361 INFO 84927 [egg-schedule]: register schedule /Users/shunwuyu/lesson/lesson_shuidi/interview/swagger/swagger-egg/node_modules/egg-logrotator/app/schedule/clean_log.js
2020-05-12 16:46:00,361 INFO 84927 [egg-schedule]: register schedule /Users/shunwuyu/lesson/lesson_shuidi/interview/swagger/swagger-egg/node_modules/egg-logrotator/app/schedule/rotate_by_file.js
2020-05-12 16:47:36,059 INFO 84945 [egg-schedule]: register schedule /Users/shunwuyu/lesson/lesson_shuidi/interview/swagger/swagger-egg/node_modules/egg-multipart/app/schedule/clean_tmpdir.js
2020-05-12 16:47:36,059 INFO 84945 [egg-schedule]: register schedule /Users/shunwuyu/lesson/lesson_shuidi/interview/swagger/swagger-egg/node_modules/egg-logrotator/app/schedule/clean_log.js
2020-05-12 16:47:36,059 INFO 84945 [egg-schedule]: register schedule /Users/shunwuyu/lesson/lesson_shuidi/interview/swagger/swagger-egg/node_modules/egg-logrotator/app/schedule/rotate_by_file.js
2020-05-12 16:48:08,461 INFO 84967 [egg-schedule]: register schedule /Users/shunwuyu/lesson/lesson_shuidi/interview/swagger/swagger-egg/node_modules/egg-multipart/app/schedule/clean_tmpdir.js
2020-05-12 16:48:08,461 INFO 84967 [egg-schedule]: register schedule /Users/shunwuyu/lesson/lesson_shuidi/interview/swagger/swagger-egg/node_modules/egg-logrotator/app/schedule/clean_log.js
2020-05-12 16:48:08,461 INFO 84967 [egg-schedule]: register schedule /Users/shunwuyu/lesson/lesson_shuidi/interview/swagger/swagger-egg/node_modules/egg-logrotator/app/schedule/rotate_by_file.js
2020-05-12 16:48:10,666 INFO 84978 [egg-schedule]: register schedule /Users/shunwuyu/lesson/lesson_shuidi/interview/swagger/swagger-egg/node_modules/egg-multipart/app/schedule/clean_tmpdir.js
2020-05-12 16:48:10,666 INFO 84978 [egg-schedule]: register schedule /Users/shunwuyu/lesson/lesson_shuidi/interview/swagger/swagger-egg/node_modules/egg-logrotator/app/schedule/clean_log.js
2020-05-12 16:48:10,666 INFO 84978 [egg-schedule]: register schedule /Users/shunwuyu/lesson/lesson_shuidi/interview/swagger/swagger-egg/node_modules/egg-logrotator/app/schedule/rotate_by_file.js
2020-05-12 16:50:24,270 INFO 84998 [egg-schedule]: register schedule /Users/shunwuyu/lesson/lesson_shuidi/interview/swagger/swagger-egg/node_modules/egg-multipart/app/schedule/clean_tmpdir.js
2020-05-12 16:50:24,270 INFO 84998 [egg-schedule]: register schedule /Users/shunwuyu/lesson/lesson_shuidi/interview/swagger/swagger-egg/node_modules/egg-logrotator/app/schedule/clean_log.js
2020-05-12 16:50:24,270 INFO 84998 [egg-schedule]: register schedule /Users/shunwuyu/lesson/lesson_shuidi/interview/swagger/swagger-egg/node_modules/egg-logrotator/app/schedule/rotate_by_file.js
2020-05-12 16:53:07,916 INFO 85040 [egg-schedule]: register schedule /Users/shunwuyu/lesson/lesson_shuidi/interview/swagger/swagger-egg/node_modules/egg-multipart/app/schedule/clean_tmpdir.js
2020-05-12 16:53:07,916 INFO 85040 [egg-schedule]: register schedule /Users/shunwuyu/lesson/lesson_shuidi/interview/swagger/swagger-egg/node_modules/egg-logrotator/app/schedule/clean_log.js
2020-05-12 16:53:07,916 INFO 85040 [egg-schedule]: register schedule /Users/shunwuyu/lesson/lesson_shuidi/interview/swagger/swagger-egg/node_modules/egg-logrotator/app/schedule/rotate_by_file.js
2020-05-12 16:53:11,161 INFO 85052 [egg-schedule]: register schedule /Users/shunwuyu/lesson/lesson_shuidi/interview/swagger/swagger-egg/node_modules/egg-multipart/app/schedule/clean_tmpdir.js
2020-05-12 16:53:11,161 INFO 85052 [egg-schedule]: register schedule /Users/shunwuyu/lesson/lesson_shuidi/interview/swagger/swagger-egg/node_modules/egg-logrotator/app/schedule/clean_log.js
2020-05-12 16:53:11,161 INFO 85052 [egg-schedule]: register schedule /Users/shunwuyu/lesson/lesson_shuidi/interview/swagger/swagger-egg/node_modules/egg-logrotator/app/schedule/rotate_by_file.js
2020-05-12 16:53:48,342 INFO 85079 [egg-schedule]: register schedule /Users/shunwuyu/lesson/lesson_shuidi/interview/swagger/swagger-egg/node_modules/egg-multipart/app/schedule/clean_tmpdir.js
2020-05-12 16:53:48,345 INFO 85079 [egg-schedule]: register schedule /Users/shunwuyu/lesson/lesson_shuidi/interview/swagger/swagger-egg/node_modules/egg-logrotator/app/schedule/clean_log.js
2020-05-12 16:53:48,346 INFO 85079 [egg-schedule]: register schedule /Users/shunwuyu/lesson/lesson_shuidi/interview/swagger/swagger-egg/node_modules/egg-logrotator/app/schedule/rotate_by_file.js
2020-05-12 16:56:47,719 INFO 85169 [egg-schedule]: register schedule /Users/shunwuyu/lesson/lesson_shuidi/interview/swagger/swagger-egg/node_modules/egg-multipart/app/schedule/clean_tmpdir.js
2020-05-12 16:56:47,719 INFO 85169 [egg-schedule]: register schedule /Users/shunwuyu/lesson/lesson_shuidi/interview/swagger/swagger-egg/node_modules/egg-logrotator/app/schedule/clean_log.js
2020-05-12 16:56:47,719 INFO 85169 [egg-schedule]: register schedule /Users/shunwuyu/lesson/lesson_shuidi/interview/swagger/swagger-egg/node_modules/egg-logrotator/app/schedule/rotate_by_file.js
2020-05-12 16:56:48,856 INFO 85168 [Timer] /Users/shunwuyu/lesson/lesson_shuidi/interview/swagger/swagger-egg/node_modules/egg-multipart/app/schedule/clean_tmpdir.js next time will execute after 41591153ms at 2020-05-13 04:30:00.009
2020-05-12 16:56:48,856 INFO 85168 [Timer] /Users/shunwuyu/lesson/lesson_shuidi/interview/swagger/swagger-egg/node_modules/egg-logrotator/app/schedule/clean_log.js next time will execute after 25391144ms at 2020-05-13 00:00:00.000
2020-05-12 16:56:48,857 INFO 85168 [Timer] /Users/shunwuyu/lesson/lesson_shuidi/interview/swagger/swagger-egg/node_modules/egg-logrotator/app/schedule/rotate_by_file.js next time will execute after 25392143ms at 2020-05-13 00:00:01.000
